<?xml version="1.0" encoding="UTF-8"?>
<!-- Generated by org.testng.reporters.JUnitXMLReporter -->
<testsuite hostname="LAPTOP-IE9OQOHI" name="ChromeTest" tests="1" failures="1" timestamp="16 Dec 2021 13:04:48 GMT" time="0.077" errors="0">
  <testcase name="tc1" time="0.049" classname="org.test.ABC">
    <failure type="java.lang.IllegalStateException" message="The driver executable does not exist: C:\Users\Mugesh G\eclipse-workspace\SamplePro\&amp;quot;C:\Users\Mugesh G\eclipse-workspace\Fast11Selenium\driver\chromedriver.exe&amp;quot;">
      <![CDATA[java.lang.IllegalStateException: The driver executable does not exist: C:\Users\Mugesh G\eclipse-workspace\SamplePro\"C:\Users\Mugesh G\eclipse-workspace\Fast11Selenium\driver\chromedriver.exe"
	at com.google.common.base.Preconditions.checkState(Preconditions.java:585)
	at org.openqa.selenium.remote.service.DriverService.checkExecutable(DriverService.java:146)
	at org.openqa.selenium.remote.service.DriverService.findExecutable(DriverService.java:141)
	at org.openqa.selenium.chrome.ChromeDriverService.access$000(ChromeDriverService.java:35)
	at org.openqa.selenium.chrome.ChromeDriverService$Builder.findDefaultExecutable(ChromeDriverService.java:159)
	at org.openqa.selenium.remote.service.DriverService$Builder.build(DriverService.java:355)
	at org.openqa.selenium.chrome.ChromeDriverService.createDefaultService(ChromeDriverService.java:94)
	at org.openqa.selenium.chrome.ChromeDriver.<init>(ChromeDriver.java:123)
	at org.test.ABC.tc1(ABC.java:21)
... Removed 24 stack frames]]>
    </failure>
  </testcase> <!-- tc1 -->
</testsuite> <!-- ChromeTest -->
